# JRE version: OpenJDK Runtime Environment (8.0) (build 1.8.0-25-microsoft-b00)
# Java VM: OpenJDK 64-Bit Server VM (25.71-b00 mixed mode windows-amd64 compressed oops)
Heap:
 PSYoungGen      total 29696K, used 17023K [0x00000000d6180000, 0x00000000d8700000, 0x0000000100000000)
  eden space 20992K, 39% used [0x00000000d6180000,0x00000000d69a67b8,0x00000000d7600000)
  from space 8704K, 99% used [0x00000000d7e80000,0x00000000d86f95d8,0x00000000d8700000)
  to   space 5632K, 0% used [0x00000000d7700000,0x00000000d7700000,0x00000000d7c80000)
 ParOldGen       total 19456K, used 11199K [0x0000000082400000, 0x0000000083700000, 0x00000000d6180000)
  object space 19456K, 57% used [0x0000000082400000,0x0000000082eefed8,0x0000000083700000)
 Metaspace       used 9484K, capacity 10016K, committed 10368K, reserved 1058816K
  class space    used 1004K, capacity 1044K, committed 1152K, reserved 1048576K
GC Heap History (10 events):
Event: 0.399 GC heap before
{Heap before GC invocations=8 (full 1):
 PSYoungGen      total 14336K, used 2549K [0x00000000d6180000, 0x00000000d8280000, 0x0000000100000000)
  eden space 11776K, 0% used [0x00000000d6180000,0x00000000d6180000,0x00000000d6d00000)
  from space 2560K, 99% used [0x00000000d6d00000,0x00000000d6f7d530,0x00000000d6f80000)
  to   space 5120K, 0% used [0x00000000d7d80000,0x00000000d7d80000,0x00000000d8280000)
 ParOldGen       total 6144K, used 6076K [0x0000000082400000, 0x0000000082a00000, 0x00000000d6180000)
  object space 6144K, 98% used [0x0000000082400000,0x00000000829ef1f0,0x0000000082a00000)
 Metaspace       used 7275K, capacity 8180K, committed 8320K, reserved 1056768K
  class space    used 857K, capacity 880K, committed 896K, reserved 1048576K
Event: 0.423 GC heap after
Heap after GC invocations=8 (full 1):
 PSYoungGen      total 14336K, used 2534K [0x00000000d6180000, 0x00000000d8280000, 0x0000000100000000)
  eden space 11776K, 0% used [0x00000000d6180000,0x00000000d6180000,0x00000000d6d00000)
  from space 2560K, 98% used [0x00000000d6d00000,0x00000000d6f798e8,0x00000000d6f80000)
  to   space 5120K, 0% used [0x00000000d7d80000,0x00000000d7d80000,0x00000000d8280000)
 ParOldGen       total 10752K, used 5418K [0x0000000082400000, 0x0000000082e80000, 0x00000000d6180000)
  object space 10752K, 50% used [0x0000000082400000,0x000000008294a8f0,0x0000000082e80000)
 Metaspace       used 7275K, capacity 8180K, committed 8320K, reserved 1056768K
  class space    used 857K, capacity 880K, committed 896K, reserved 1048576K
}
Event: 0.514 GC heap before
{Heap before GC invocations=9 (full 1):
 PSYoungGen      total 14336K, used 14310K [0x00000000d6180000, 0x00000000d8280000, 0x0000000100000000)
  eden space 11776K, 100% used [0x00000000d6180000,0x00000000d6d00000,0x00000000d6d00000)
  from space 2560K, 98% used [0x00000000d6d00000,0x00000000d6f798e8,0x00000000d6f80000)
  to   space 5120K, 0% used [0x00000000d7d80000,0x00000000d7d80000,0x00000000d8280000)
 ParOldGen       total 10752K, used 5418K [0x0000000082400000, 0x0000000082e80000, 0x00000000d6180000)
  object space 10752K, 50% used [0x0000000082400000,0x000000008294a8f0,0x0000000082e80000)
 Metaspace       used 7438K, capacity 8308K, committed 8576K, reserved 1056768K
  class space    used 866K, capacity 880K, committed 896K, reserved 1048576K
Event: 0.516 GC heap after
Heap after GC invocations=9 (full 1):
 PSYoungGen      total 20992K, used 4564K [0x00000000d6180000, 0x00000000d8200000, 0x0000000100000000)
  eden space 16384K, 0% used [0x00000000d6180000,0x00000000d6180000,0x00000000d7180000)
  from space 4608K, 99% used [0x00000000d7d80000,0x00000000d81f5198,0x00000000d8200000)
  to   space 5632K, 0% used [0x00000000d7700000,0x00000000d7700000,0x00000000d7c80000)
 ParOldGen       total 10752K, used 5578K [0x0000000082400000, 0x0000000082e80000, 0x00000000d6180000)
  object space 10752K, 51% used [0x0000000082400000,0x00000000829728f0,0x0000000082e80000)
 Metaspace       used 7438K, capacity 8308K, committed 8576K, reserved 1056768K
  class space    used 866K, capacity 880K, committed 896K, reserved 1048576K
}
Event: 0.609 GC heap before
{Heap before GC invocations=10 (full 1):
 PSYoungGen      total 20992K, used 20948K [0x00000000d6180000, 0x00000000d8200000, 0x0000000100000000)
  eden space 16384K, 100% used [0x00000000d6180000,0x00000000d7180000,0x00000000d7180000)
  from space 4608K, 99% used [0x00000000d7d80000,0x00000000d81f5198,0x00000000d8200000)
  to   space 5632K, 0% used [0x00000000d7700000,0x00000000d7700000,0x00000000d7c80000)
 ParOldGen       total 10752K, used 5578K [0x0000000082400000, 0x0000000082e80000, 0x00000000d6180000)
  object space 10752K, 51% used [0x0000000082400000,0x00000000829728f0,0x0000000082e80000)
 Metaspace       used 7754K, capacity 8596K, committed 8960K, reserved 1056768K
  class space    used 882K, capacity 912K, committed 1024K, reserved 1048576K
Event: 0.615 GC heap after
Heap after GC invocations=10 (full 1):
 PSYoungGen      total 26624K, used 5624K [0x00000000d6180000, 0x00000000d8700000, 0x0000000100000000)
  eden space 20992K, 0% used [0x00000000d6180000,0x00000000d6180000,0x00000000d7600000)
  from space 5632K, 99% used [0x00000000d7700000,0x00000000d7c7e2b8,0x00000000d7c80000)
  to   space 8704K, 0% used [0x00000000d7e80000,0x00000000d7e80000,0x00000000d8700000)
 ParOldGen       total 10752K, used 10587K [0x0000000082400000, 0x0000000082e80000, 0x00000000d6180000)
  object space 10752K, 98% used [0x0000000082400000,0x0000000082e56f98,0x0000000082e80000)
 Metaspace       used 7754K, capacity 8596K, committed 8960K, reserved 1056768K
  class space    used 882K, capacity 912K, committed 1024K, reserved 1048576K
}
Event: 0.615 GC heap before
{Heap before GC invocations=11 (full 2):
 PSYoungGen      total 26624K, used 5624K [0x00000000d6180000, 0x00000000d8700000, 0x0000000100000000)
  eden space 20992K, 0% used [0x00000000d6180000,0x00000000d6180000,0x00000000d7600000)
  from space 5632K, 99% used [0x00000000d7700000,0x00000000d7c7e2b8,0x00000000d7c80000)
  to   space 8704K, 0% used [0x00000000d7e80000,0x00000000d7e80000,0x00000000d8700000)
 ParOldGen       total 10752K, used 10587K [0x0000000082400000, 0x0000000082e80000, 0x00000000d6180000)
  object space 10752K, 98% used [0x0000000082400000,0x0000000082e56f98,0x0000000082e80000)
 Metaspace       used 7754K, capacity 8596K, committed 8960K, reserved 1056768K
  class space    used 882K, capacity 912K, committed 1024K, reserved 1048576K
Event: 0.685 GC heap after
Heap after GC invocations=11 (full 2):
 PSYoungGen      total 26624K, used 5600K [0x00000000d6180000, 0x00000000d8700000, 0x0000000100000000)
  eden space 20992K, 0% used [0x00000000d6180000,0x00000000d6180000,0x00000000d7600000)
  from space 5632K, 99% used [0x00000000d7700000,0x00000000d7c78140,0x00000000d7c80000)
  to   space 8704K, 0% used [0x00000000d7e80000,0x00000000d7e80000,0x00000000d8700000)
 ParOldGen       total 19456K, used 10260K [0x0000000082400000, 0x0000000083700000, 0x00000000d6180000)
  object space 19456K, 52% used [0x0000000082400000,0x0000000082e052f8,0x0000000083700000)
 Metaspace       used 7754K, capacity 8596K, committed 8960K, reserved 1056768K
  class space    used 882K, capacity 912K, committed 1024K, reserved 1048576K
}
Event: 1.022 GC heap before
{Heap before GC invocations=12 (full 2):
 PSYoungGen      total 26624K, used 26592K [0x00000000d6180000, 0x00000000d8700000, 0x0000000100000000)
  eden space 20992K, 100% used [0x00000000d6180000,0x00000000d7600000,0x00000000d7600000)
  from space 5632K, 99% used [0x00000000d7700000,0x00000000d7c78140,0x00000000d7c80000)
  to   space 8704K, 0% used [0x00000000d7e80000,0x00000000d7e80000,0x00000000d8700000)
 ParOldGen       total 19456K, used 10260K [0x0000000082400000, 0x0000000083700000, 0x00000000d6180000)
  object space 19456K, 52% used [0x0000000082400000,0x0000000082e052f8,0x0000000083700000)
 Metaspace       used 9166K, capacity 9760K, committed 10112K, reserved 1058816K
  class space    used 1003K, capacity 1044K, committed 1152K, reserved 1048576K
Event: 1.028 GC heap after
Heap after GC invocations=12 (full 2):
 PSYoungGen      total 29696K, used 8677K [0x00000000d6180000, 0x00000000d8700000, 0x0000000100000000)
  eden space 20992K, 0% used [0x00000000d6180000,0x00000000d6180000,0x00000000d7600000)
  from space 8704K, 99% used [0x00000000d7e80000,0x00000000d86f95d8,0x00000000d8700000)
  to   space 5632K, 0% used [0x00000000d7700000,0x00000000d7700000,0x00000000d7c80000)
 ParOldGen       total 19456K, used 11199K [0x0000000082400000, 0x0000000083700000, 0x00000000d6180000)
  object space 19456K, 57% used [0x0000000082400000,0x0000000082eefed8,0x0000000083700000)
 Metaspace       used 9166K, capacity 9760K, committed 10112K, reserved 1058816K
  class space    used 1003K, capacity 1044K, committed 1152K, reserved 1048576K
}

