# JRE version: OpenJDK Runtime Environment (8.0) (build 1.8.0-25-microsoft-b00)
# Java VM: OpenJDK 64-Bit Server VM (25.71-b00 mixed mode windows-amd64 compressed oops)
Heap:
 PSYoungGen      total 6656K, used 5453K [0x00000000d6180000, 0x00000000d6880000, 0x0000000100000000)
  eden space 6144K, 80% used [0x00000000d6180000,0x00000000d6653668,0x00000000d6780000)
  from space 512K, 100% used [0x00000000d6780000,0x00000000d6800000,0x00000000d6800000)
  to   space 512K, 0% used [0x00000000d6800000,0x00000000d6800000,0x00000000d6880000)
 ParOldGen       total 5632K, used 2675K [0x0000000082400000, 0x0000000082980000, 0x00000000d6180000)
  object space 5632K, 47% used [0x0000000082400000,0x000000008269cf98,0x0000000082980000)
 Metaspace       used 7374K, capacity 8244K, committed 8320K, reserved 1056768K
  class space    used 873K, capacity 880K, committed 896K, reserved 1048576K
GC Heap History (10 events):
Event: 0.095 GC heap before
{Heap before GC invocations=1 (full 0):
 PSYoungGen      total 2048K, used 1536K [0x00000000d6180000, 0x00000000d6400000, 0x0000000100000000)
  eden space 1536K, 100% used [0x00000000d6180000,0x00000000d6300000,0x00000000d6300000)
  from space 512K, 0% used [0x00000000d6380000,0x00000000d6380000,0x00000000d6400000)
  to   space 512K, 0% used [0x00000000d6300000,0x00000000d6300000,0x00000000d6380000)
 ParOldGen       total 5632K, used 0K [0x0000000082400000, 0x0000000082980000, 0x00000000d6180000)
  object space 5632K, 0% used [0x0000000082400000,0x0000000082400000,0x0000000082980000)
 Metaspace       used 3183K, capacity 4812K, committed 5120K, reserved 1056768K
  class space    used 359K, capacity 456K, committed 512K, reserved 1048576K
Event: 0.096 GC heap after
Heap after GC invocations=1 (full 0):
 PSYoungGen      total 2048K, used 512K [0x00000000d6180000, 0x00000000d6580000, 0x0000000100000000)
  eden space 1536K, 0% used [0x00000000d6180000,0x00000000d6180000,0x00000000d6300000)
  from space 512K, 100% used [0x00000000d6300000,0x00000000d6380000,0x00000000d6380000)
  to   space 512K, 0% used [0x00000000d6500000,0x00000000d6500000,0x00000000d6580000)
 ParOldGen       total 5632K, used 24K [0x0000000082400000, 0x0000000082980000, 0x00000000d6180000)
  object space 5632K, 0% used [0x0000000082400000,0x0000000082406000,0x0000000082980000)
 Metaspace       used 3183K, capacity 4812K, committed 5120K, reserved 1056768K
  class space    used 359K, capacity 456K, committed 512K, reserved 1048576K
}
Event: 0.146 GC heap before
{Heap before GC invocations=2 (full 0):
 PSYoungGen      total 2048K, used 2048K [0x00000000d6180000, 0x00000000d6580000, 0x0000000100000000)
  eden space 1536K, 100% used [0x00000000d6180000,0x00000000d6300000,0x00000000d6300000)
  from space 512K, 100% used [0x00000000d6300000,0x00000000d6380000,0x00000000d6380000)
  to   space 512K, 0% used [0x00000000d6500000,0x00000000d6500000,0x00000000d6580000)
 ParOldGen       total 5632K, used 24K [0x0000000082400000, 0x0000000082980000, 0x00000000d6180000)
  object space 5632K, 0% used [0x0000000082400000,0x0000000082406000,0x0000000082980000)
 Metaspace       used 3874K, capacity 5324K, committed 5504K, reserved 1056768K
  class space    used 444K, capacity 520K, committed 640K, reserved 1048576K
Event: 0.147 GC heap after
Heap after GC invocations=2 (full 0):
 PSYoungGen      total 3584K, used 496K [0x00000000d6180000, 0x00000000d6580000, 0x0000000100000000)
  eden space 3072K, 0% used [0x00000000d6180000,0x00000000d6180000,0x00000000d6480000)
  from space 512K, 96% used [0x00000000d6500000,0x00000000d657c010,0x00000000d6580000)
  to   space 512K, 0% used [0x00000000d6480000,0x00000000d6480000,0x00000000d6500000)
 ParOldGen       total 5632K, used 96K [0x0000000082400000, 0x0000000082980000, 0x00000000d6180000)
  object space 5632K, 1% used [0x0000000082400000,0x0000000082418000,0x0000000082980000)
 Metaspace       used 3874K, capacity 5324K, committed 5504K, reserved 1056768K
  class space    used 444K, capacity 520K, committed 640K, reserved 1048576K
}
Event: 0.209 GC heap before
{Heap before GC invocations=3 (full 0):
 PSYoungGen      total 3584K, used 3568K [0x00000000d6180000, 0x00000000d6580000, 0x0000000100000000)
  eden space 3072K, 100% used [0x00000000d6180000,0x00000000d6480000,0x00000000d6480000)
  from space 512K, 96% used [0x00000000d6500000,0x00000000d657c010,0x00000000d6580000)
  to   space 512K, 0% used [0x00000000d6480000,0x00000000d6480000,0x00000000d6500000)
 ParOldGen       total 5632K, used 96K [0x0000000082400000, 0x0000000082980000, 0x00000000d6180000)
  object space 5632K, 1% used [0x0000000082400000,0x0000000082418000,0x0000000082980000)
 Metaspace       used 4893K, capacity 6220K, committed 6400K, reserved 1056768K
  class space    used 584K, capacity 648K, committed 768K, reserved 1048576K
Event: 0.210 GC heap after
Heap after GC invocations=3 (full 0):
 PSYoungGen      total 3584K, used 496K [0x00000000d6180000, 0x00000000d6880000, 0x0000000100000000)
  eden space 3072K, 0% used [0x00000000d6180000,0x00000000d6180000,0x00000000d6480000)
  from space 512K, 96% used [0x00000000d6480000,0x00000000d64fc010,0x00000000d6500000)
  to   space 512K, 0% used [0x00000000d6800000,0x00000000d6800000,0x00000000d6880000)
 ParOldGen       total 5632K, used 584K [0x0000000082400000, 0x0000000082980000, 0x00000000d6180000)
  object space 5632K, 10% used [0x0000000082400000,0x0000000082492020,0x0000000082980000)
 Metaspace       used 4893K, capacity 6220K, committed 6400K, reserved 1056768K
  class space    used 584K, capacity 648K, committed 768K, reserved 1048576K
}
Event: 0.267 GC heap before
{Heap before GC invocations=4 (full 0):
 PSYoungGen      total 3584K, used 3517K [0x00000000d6180000, 0x00000000d6880000, 0x0000000100000000)
  eden space 3072K, 98% used [0x00000000d6180000,0x00000000d6473658,0x00000000d6480000)
  from space 512K, 96% used [0x00000000d6480000,0x00000000d64fc010,0x00000000d6500000)
  to   space 512K, 0% used [0x00000000d6800000,0x00000000d6800000,0x00000000d6880000)
 ParOldGen       total 5632K, used 584K [0x0000000082400000, 0x0000000082980000, 0x00000000d6180000)
  object space 5632K, 10% used [0x0000000082400000,0x0000000082492020,0x0000000082980000)
 Metaspace       used 5897K, capacity 7180K, committed 7552K, reserved 1056768K
  class space    used 725K, capacity 776K, committed 896K, reserved 1048576K
Event: 0.267 GC heap after
Heap after GC invocations=4 (full 0):
 PSYoungGen      total 6656K, used 496K [0x00000000d6180000, 0x00000000d6880000, 0x0000000100000000)
  eden space 6144K, 0% used [0x00000000d6180000,0x00000000d6180000,0x00000000d6780000)
  from space 512K, 96% used [0x00000000d6800000,0x00000000d687c010,0x00000000d6880000)
  to   space 512K, 0% used [0x00000000d6780000,0x00000000d6780000,0x00000000d6800000)
 ParOldGen       total 5632K, used 792K [0x0000000082400000, 0x0000000082980000, 0x00000000d6180000)
  object space 5632K, 14% used [0x0000000082400000,0x00000000824c6020,0x0000000082980000)
 Metaspace       used 5897K, capacity 7180K, committed 7552K, reserved 1056768K
  class space    used 725K, capacity 776K, committed 896K, reserved 1048576K
}
Event: 0.772 GC heap before
{Heap before GC invocations=5 (full 0):
 PSYoungGen      total 6656K, used 6640K [0x00000000d6180000, 0x00000000d6880000, 0x0000000100000000)
  eden space 6144K, 100% used [0x00000000d6180000,0x00000000d6780000,0x00000000d6780000)
  from space 512K, 96% used [0x00000000d6800000,0x00000000d687c010,0x00000000d6880000)
  to   space 512K, 0% used [0x00000000d6780000,0x00000000d6780000,0x00000000d6800000)
 ParOldGen       total 5632K, used 792K [0x0000000082400000, 0x0000000082980000, 0x00000000d6180000)
  object space 5632K, 14% used [0x0000000082400000,0x00000000824c6020,0x0000000082980000)
 Metaspace       used 7273K, capacity 8180K, committed 8320K, reserved 1056768K
  class space    used 857K, capacity 880K, committed 896K, reserved 1048576K
Event: 0.775 GC heap after
Heap after GC invocations=5 (full 0):
 PSYoungGen      total 6656K, used 512K [0x00000000d6180000, 0x00000000d6880000, 0x0000000100000000)
  eden space 6144K, 0% used [0x00000000d6180000,0x00000000d6180000,0x00000000d6780000)
  from space 512K, 100% used [0x00000000d6780000,0x00000000d6800000,0x00000000d6800000)
  to   space 512K, 0% used [0x00000000d6800000,0x00000000d6800000,0x00000000d6880000)
 ParOldGen       total 5632K, used 2675K [0x0000000082400000, 0x0000000082980000, 0x00000000d6180000)
  object space 5632K, 47% used [0x0000000082400000,0x000000008269cf98,0x0000000082980000)
 Metaspace       used 7273K, capacity 8180K, committed 8320K, reserved 1056768K
  class space    used 857K, capacity 880K, committed 896K, reserved 1048576K
}

