# JRE version: OpenJDK Runtime Environment (8.0) (build 1.8.0-25-microsoft-b00)
# Java VM: OpenJDK 64-Bit Server VM (25.71-b00 mixed mode windows-amd64 compressed oops)
Heap:
 PSYoungGen      total 231424K, used 218920K [0x00000000eab00000, 0x0000000100000000, 0x0000000100000000)
  eden space 176128K, 93% used [0x00000000eab00000,0x00000000f4b053b0,0x00000000f5700000)
  from space 55296K, 99% used [0x00000000f5700000,0x00000000f8cc4ed0,0x00000000f8d00000)
  to   space 89088K, 0% used [0x00000000fa900000,0x00000000fa900000,0x0000000100000000)
 ParOldGen       total 305664K, used 170947K [0x00000000c0000000, 0x00000000d2a80000, 0x00000000eab00000)
  object space 305664K, 55% used [0x00000000c0000000,0x00000000ca6f0c70,0x00000000d2a80000)
 Metaspace       used 6790K, capacity 7448K, committed 7680K, reserved 1056768K
  class space    used 615K, capacity 656K, committed 768K, reserved 1048576K
GC Heap History (10 events):
Event: 3.556 GC heap before
{Heap before GC invocations=9 (full 1):
 PSYoungGen      total 288256K, used 275777K [0x00000000eab00000, 0x0000000100000000, 0x0000000100000000)
  eden space 257536K, 100% used [0x00000000eab00000,0x00000000fa680000,0x00000000fa680000)
  from space 30720K, 59% used [0x00000000fa680000,0x00000000fb850700,0x00000000fc480000)
  to   space 51712K, 0% used [0x00000000fcd80000,0x00000000fcd80000,0x0000000100000000)
 ParOldGen       total 171008K, used 85768K [0x00000000c0000000, 0x00000000ca700000, 0x00000000eab00000)
  object space 171008K, 50% used [0x00000000c0000000,0x00000000c53c2120,0x00000000ca700000)
 Metaspace       used 6664K, capacity 7350K, committed 7552K, reserved 1056768K
  class space    used 609K, capacity 622K, committed 640K, reserved 1048576K
Event: 3.609 GC heap after
Heap after GC invocations=9 (full 1):
 PSYoungGen      total 274944K, used 51709K [0x00000000eab00000, 0x0000000100000000, 0x0000000100000000)
  eden space 223232K, 0% used [0x00000000eab00000,0x00000000eab00000,0x00000000f8500000)
  from space 51712K, 99% used [0x00000000fcd80000,0x00000000fffff748,0x0000000100000000)
  to   space 62976K, 0% used [0x00000000f8500000,0x00000000f8500000,0x00000000fc280000)
 ParOldGen       total 171008K, used 89564K [0x00000000c0000000, 0x00000000ca700000, 0x00000000eab00000)
  object space 171008K, 52% used [0x00000000c0000000,0x00000000c5777318,0x00000000ca700000)
 Metaspace       used 6664K, capacity 7350K, committed 7552K, reserved 1056768K
  class space    used 609K, capacity 622K, committed 640K, reserved 1048576K
}
Event: 3.987 GC heap before
{Heap before GC invocations=10 (full 1):
 PSYoungGen      total 274944K, used 274941K [0x00000000eab00000, 0x0000000100000000, 0x0000000100000000)
  eden space 223232K, 100% used [0x00000000eab00000,0x00000000f8500000,0x00000000f8500000)
  from space 51712K, 99% used [0x00000000fcd80000,0x00000000fffff748,0x0000000100000000)
  to   space 62976K, 0% used [0x00000000f8500000,0x00000000f8500000,0x00000000fc280000)
 ParOldGen       total 171008K, used 89564K [0x00000000c0000000, 0x00000000ca700000, 0x00000000eab00000)
  object space 171008K, 52% used [0x00000000c0000000,0x00000000c5777318,0x00000000ca700000)
 Metaspace       used 6672K, capacity 7350K, committed 7552K, reserved 1056768K
  class space    used 609K, capacity 622K, committed 640K, reserved 1048576K
Event: 4.049 GC heap after
Heap after GC invocations=10 (full 1):
 PSYoungGen      total 286208K, used 62954K [0x00000000eab00000, 0x0000000100000000, 0x0000000100000000)
  eden space 223232K, 0% used [0x00000000eab00000,0x00000000eab00000,0x00000000f8500000)
  from space 62976K, 99% used [0x00000000f8500000,0x00000000fc27aab0,0x00000000fc280000)
  to   space 62976K, 0% used [0x00000000fc280000,0x00000000fc280000,0x0000000100000000)
 ParOldGen       total 171008K, used 112183K [0x00000000c0000000, 0x00000000ca700000, 0x00000000eab00000)
  object space 171008K, 65% used [0x00000000c0000000,0x00000000c6d8dc30,0x00000000ca700000)
 Metaspace       used 6672K, capacity 7350K, committed 7552K, reserved 1056768K
  class space    used 609K, capacity 622K, committed 640K, reserved 1048576K
}
Event: 4.414 GC heap before
{Heap before GC invocations=11 (full 1):
 PSYoungGen      total 286208K, used 286186K [0x00000000eab00000, 0x0000000100000000, 0x0000000100000000)
  eden space 223232K, 100% used [0x00000000eab00000,0x00000000f8500000,0x00000000f8500000)
  from space 62976K, 99% used [0x00000000f8500000,0x00000000fc27aab0,0x00000000fc280000)
  to   space 62976K, 0% used [0x00000000fc280000,0x00000000fc280000,0x0000000100000000)
 ParOldGen       total 171008K, used 112183K [0x00000000c0000000, 0x00000000ca700000, 0x00000000eab00000)
  object space 171008K, 65% used [0x00000000c0000000,0x00000000c6d8dc30,0x00000000ca700000)
 Metaspace       used 6676K, capacity 7350K, committed 7552K, reserved 1056768K
  class space    used 609K, capacity 622K, committed 640K, reserved 1048576K
Event: 4.481 GC heap after
Heap after GC invocations=11 (full 1):
 PSYoungGen      total 239104K, used 57452K [0x00000000eab00000, 0x0000000100000000, 0x0000000100000000)
  eden space 176128K, 0% used [0x00000000eab00000,0x00000000eab00000,0x00000000f5700000)
  from space 62976K, 91% used [0x00000000fc280000,0x00000000ffa9b298,0x0000000100000000)
  to   space 86528K, 0% used [0x00000000f5700000,0x00000000f5700000,0x00000000fab80000)
 ParOldGen       total 171008K, used 149475K [0x00000000c0000000, 0x00000000ca700000, 0x00000000eab00000)
  object space 171008K, 87% used [0x00000000c0000000,0x00000000c91f8e68,0x00000000ca700000)
 Metaspace       used 6676K, capacity 7350K, committed 7552K, reserved 1056768K
  class space    used 609K, capacity 622K, committed 640K, reserved 1048576K
}
Event: 4.481 GC heap before
{Heap before GC invocations=12 (full 2):
 PSYoungGen      total 239104K, used 57452K [0x00000000eab00000, 0x0000000100000000, 0x0000000100000000)
  eden space 176128K, 0% used [0x00000000eab00000,0x00000000eab00000,0x00000000f5700000)
  from space 62976K, 91% used [0x00000000fc280000,0x00000000ffa9b298,0x0000000100000000)
  to   space 86528K, 0% used [0x00000000f5700000,0x00000000f5700000,0x00000000fab80000)
 ParOldGen       total 171008K, used 149475K [0x00000000c0000000, 0x00000000ca700000, 0x00000000eab00000)
  object space 171008K, 87% used [0x00000000c0000000,0x00000000c91f8e68,0x00000000ca700000)
 Metaspace       used 6676K, capacity 7350K, committed 7552K, reserved 1056768K
  class space    used 609K, capacity 622K, committed 640K, reserved 1048576K
Event: 5.301 GC heap after
Heap after GC invocations=12 (full 2):
 PSYoungGen      total 239104K, used 29509K [0x00000000eab00000, 0x0000000100000000, 0x0000000100000000)
  eden space 176128K, 0% used [0x00000000eab00000,0x00000000eab00000,0x00000000f5700000)
  from space 62976K, 46% used [0x00000000fc280000,0x00000000fdf51750,0x0000000100000000)
  to   space 86528K, 0% used [0x00000000f5700000,0x00000000f5700000,0x00000000fab80000)
 ParOldGen       total 305664K, used 170947K [0x00000000c0000000, 0x00000000d2a80000, 0x00000000eab00000)
  object space 305664K, 55% used [0x00000000c0000000,0x00000000ca6f0c70,0x00000000d2a80000)
 Metaspace       used 6676K, capacity 7350K, committed 7552K, reserved 1056768K
  class space    used 609K, capacity 622K, committed 640K, reserved 1048576K
}
Event: 5.576 GC heap before
{Heap before GC invocations=13 (full 2):
 PSYoungGen      total 239104K, used 205637K [0x00000000eab00000, 0x0000000100000000, 0x0000000100000000)
  eden space 176128K, 100% used [0x00000000eab00000,0x00000000f5700000,0x00000000f5700000)
  from space 62976K, 46% used [0x00000000fc280000,0x00000000fdf51750,0x0000000100000000)
  to   space 86528K, 0% used [0x00000000f5700000,0x00000000f5700000,0x00000000fab80000)
 ParOldGen       total 305664K, used 170947K [0x00000000c0000000, 0x00000000d2a80000, 0x00000000eab00000)
  object space 305664K, 55% used [0x00000000c0000000,0x00000000ca6f0c70,0x00000000d2a80000)
 Metaspace       used 6690K, capacity 7350K, committed 7552K, reserved 1056768K
  class space    used 610K, capacity 622K, committed 640K, reserved 1048576K
Event: 5.621 GC heap after
Heap after GC invocations=13 (full 2):
 PSYoungGen      total 231424K, used 55059K [0x00000000eab00000, 0x0000000100000000, 0x0000000100000000)
  eden space 176128K, 0% used [0x00000000eab00000,0x00000000eab00000,0x00000000f5700000)
  from space 55296K, 99% used [0x00000000f5700000,0x00000000f8cc4ed0,0x00000000f8d00000)
  to   space 89088K, 0% used [0x00000000fa900000,0x00000000fa900000,0x0000000100000000)
 ParOldGen       total 305664K, used 170947K [0x00000000c0000000, 0x00000000d2a80000, 0x00000000eab00000)
  object space 305664K, 55% used [0x00000000c0000000,0x00000000ca6f0c70,0x00000000d2a80000)
 Metaspace       used 6690K, capacity 7350K, committed 7552K, reserved 1056768K
  class space    used 610K, capacity 622K, committed 640K, reserved 1048576K
}

