# JRE version: OpenJDK Runtime Environment (8.0) (build 1.8.0-25-microsoft-b00)
# Java VM: OpenJDK 64-Bit Server VM (25.71-b00 mixed mode windows-amd64 compressed oops)
Heap:
 PSYoungGen      total 274432K, used 199680K [0x00000000eab00000, 0x0000000100000000, 0x0000000100000000)
  eden space 199680K, 100% used [0x00000000eab00000,0x00000000f6e00000,0x00000000f6e00000)
  from space 74752K, 0% used [0x00000000f6e00000,0x00000000f6e00000,0x00000000fb700000)
  to   space 70656K, 0% used [0x00000000fbb00000,0x00000000fbb00000,0x0000000100000000)
 ParOldGen       total 202752K, used 202737K [0x00000000c0000000, 0x00000000cc600000, 0x00000000eab00000)
  object space 202752K, 99% used [0x00000000c0000000,0x00000000cc5fc7f0,0x00000000cc600000)
 Metaspace       used 7025K, capacity 7672K, committed 7936K, reserved 1056768K
  class space    used 628K, capacity 688K, committed 768K, reserved 1048576K
GC Heap History (10 events):
Event: 4.497 GC heap before
{Heap before GC invocations=11 (full 2):
 PSYoungGen      total 287232K, used 277150K [0x00000000eab00000, 0x0000000100000000, 0x0000000100000000)
  eden space 250880K, 100% used [0x00000000eab00000,0x00000000fa000000,0x00000000fa000000)
  from space 36352K, 72% used [0x00000000fa000000,0x00000000fb9a7b88,0x00000000fc380000)
  to   space 53760K, 0% used [0x00000000fcb80000,0x00000000fcb80000,0x0000000100000000)
 ParOldGen       total 86016K, used 85803K [0x00000000c0000000, 0x00000000c5400000, 0x00000000eab00000)
  object space 86016K, 99% used [0x00000000c0000000,0x00000000c53cae40,0x00000000c5400000)
 Metaspace       used 6646K, capacity 7350K, committed 7552K, reserved 1056768K
  class space    used 609K, capacity 622K, committed 640K, reserved 1048576K
Event: 5.176 GC heap after
Heap after GC invocations=11 (full 2):
 PSYoungGen      total 287232K, used 59701K [0x00000000eab00000, 0x0000000100000000, 0x0000000100000000)
  eden space 250880K, 23% used [0x00000000eab00000,0x00000000ee54d628,0x00000000fa000000)
  from space 36352K, 0% used [0x00000000fa000000,0x00000000fa000000,0x00000000fc380000)
  to   space 53760K, 0% used [0x00000000fcb80000,0x00000000fcb80000,0x0000000100000000)
 ParOldGen       total 202752K, used 85953K [0x00000000c0000000, 0x00000000cc600000, 0x00000000eab00000)
  object space 202752K, 42% used [0x00000000c0000000,0x00000000c53f0540,0x00000000cc600000)
 Metaspace       used 6646K, capacity 7350K, committed 7552K, reserved 1056768K
  class space    used 609K, capacity 622K, committed 640K, reserved 1048576K
}
Event: 5.467 GC heap before
{Heap before GC invocations=12 (full 2):
 PSYoungGen      total 287232K, used 250880K [0x00000000eab00000, 0x0000000100000000, 0x0000000100000000)
  eden space 250880K, 100% used [0x00000000eab00000,0x00000000fa000000,0x00000000fa000000)
  from space 36352K, 0% used [0x00000000fa000000,0x00000000fa000000,0x00000000fc380000)
  to   space 53760K, 0% used [0x00000000fcb80000,0x00000000fcb80000,0x0000000100000000)
 ParOldGen       total 202752K, used 85953K [0x00000000c0000000, 0x00000000cc600000, 0x00000000eab00000)
  object space 202752K, 42% used [0x00000000c0000000,0x00000000c53f0540,0x00000000cc600000)
 Metaspace       used 6651K, capacity 7350K, committed 7552K, reserved 1056768K
  class space    used 610K, capacity 622K, committed 640K, reserved 1048576K
Event: 5.527 GC heap after
Heap after GC invocations=12 (full 2):
 PSYoungGen      total 253440K, used 53742K [0x00000000eab00000, 0x0000000100000000, 0x0000000100000000)
  eden space 199680K, 0% used [0x00000000eab00000,0x00000000eab00000,0x00000000f6e00000)
  from space 53760K, 99% used [0x00000000fcb80000,0x00000000ffffb8b0,0x0000000100000000)
  to   space 74752K, 0% used [0x00000000f6e00000,0x00000000f6e00000,0x00000000fb700000)
 ParOldGen       total 202752K, used 119936K [0x00000000c0000000, 0x00000000cc600000, 0x00000000eab00000)
  object space 202752K, 59% used [0x00000000c0000000,0x00000000c7520230,0x00000000cc600000)
 Metaspace       used 6651K, capacity 7350K, committed 7552K, reserved 1056768K
  class space    used 610K, capacity 622K, committed 640K, reserved 1048576K
}
Event: 5.858 GC heap before
{Heap before GC invocations=13 (full 2):
 PSYoungGen      total 253440K, used 253422K [0x00000000eab00000, 0x0000000100000000, 0x0000000100000000)
  eden space 199680K, 100% used [0x00000000eab00000,0x00000000f6e00000,0x00000000f6e00000)
  from space 53760K, 99% used [0x00000000fcb80000,0x00000000ffffb8b0,0x0000000100000000)
  to   space 74752K, 0% used [0x00000000f6e00000,0x00000000f6e00000,0x00000000fb700000)
 ParOldGen       total 202752K, used 119936K [0x00000000c0000000, 0x00000000cc600000, 0x00000000eab00000)
  object space 202752K, 59% used [0x00000000c0000000,0x00000000c7520230,0x00000000cc600000)
 Metaspace       used 6654K, capacity 7350K, committed 7552K, reserved 1056768K
  class space    used 610K, capacity 622K, committed 640K, reserved 1048576K
Event: 5.939 GC heap after
Heap after GC invocations=13 (full 2):
 PSYoungGen      total 274432K, used 28057K [0x00000000eab00000, 0x0000000100000000, 0x0000000100000000)
  eden space 199680K, 0% used [0x00000000eab00000,0x00000000eab00000,0x00000000f6e00000)
  from space 74752K, 37% used [0x00000000f6e00000,0x00000000f8966508,0x00000000fb700000)
  to   space 70656K, 0% used [0x00000000fbb00000,0x00000000fbb00000,0x0000000100000000)
 ParOldGen       total 202752K, used 173903K [0x00000000c0000000, 0x00000000cc600000, 0x00000000eab00000)
  object space 202752K, 85% used [0x00000000c0000000,0x00000000ca9d3f98,0x00000000cc600000)
 Metaspace       used 6654K, capacity 7350K, committed 7552K, reserved 1056768K
  class space    used 610K, capacity 622K, committed 640K, reserved 1048576K
}
Event: 5.939 GC heap before
{Heap before GC invocations=14 (full 3):
 PSYoungGen      total 274432K, used 28057K [0x00000000eab00000, 0x0000000100000000, 0x0000000100000000)
  eden space 199680K, 0% used [0x00000000eab00000,0x00000000eab00000,0x00000000f6e00000)
  from space 74752K, 37% used [0x00000000f6e00000,0x00000000f8966508,0x00000000fb700000)
  to   space 70656K, 0% used [0x00000000fbb00000,0x00000000fbb00000,0x0000000100000000)
 ParOldGen       total 202752K, used 173903K [0x00000000c0000000, 0x00000000cc600000, 0x00000000eab00000)
  object space 202752K, 85% used [0x00000000c0000000,0x00000000ca9d3f98,0x00000000cc600000)
 Metaspace       used 6654K, capacity 7350K, committed 7552K, reserved 1056768K
  class space    used 610K, capacity 622K, committed 640K, reserved 1048576K
Event: 6.973 GC heap after
Heap after GC invocations=14 (full 3):
 PSYoungGen      total 274432K, used 0K [0x00000000eab00000, 0x0000000100000000, 0x0000000100000000)
  eden space 199680K, 0% used [0x00000000eab00000,0x00000000eab00000,0x00000000f6e00000)
  from space 74752K, 0% used [0x00000000f6e00000,0x00000000f6e00000,0x00000000fb700000)
  to   space 70656K, 0% used [0x00000000fbb00000,0x00000000fbb00000,0x0000000100000000)
 ParOldGen       total 202752K, used 199789K [0x00000000c0000000, 0x00000000cc600000, 0x00000000eab00000)
  object space 202752K, 98% used [0x00000000c0000000,0x00000000cc31b5e8,0x00000000cc600000)
 Metaspace       used 6654K, capacity 7350K, committed 7552K, reserved 1056768K
  class space    used 610K, capacity 622K, committed 640K, reserved 1048576K
}
Event: 7.249 GC heap before
{Heap before GC invocations=15 (full 4):
 PSYoungGen      total 274432K, used 199680K [0x00000000eab00000, 0x0000000100000000, 0x0000000100000000)
  eden space 199680K, 100% used [0x00000000eab00000,0x00000000f6e00000,0x00000000f6e00000)
  from space 74752K, 0% used [0x00000000f6e00000,0x00000000f6e00000,0x00000000fb700000)
  to   space 70656K, 0% used [0x00000000fbb00000,0x00000000fbb00000,0x0000000100000000)
 ParOldGen       total 202752K, used 199789K [0x00000000c0000000, 0x00000000cc600000, 0x00000000eab00000)
  object space 202752K, 98% used [0x00000000c0000000,0x00000000cc31b5e8,0x00000000cc600000)
 Metaspace       used 6671K, capacity 7350K, committed 7552K, reserved 1056768K
  class space    used 610K, capacity 622K, committed 640K, reserved 1048576K
Event: 7.928 GC heap after
Heap after GC invocations=15 (full 4):
 PSYoungGen      total 274432K, used 25713K [0x00000000eab00000, 0x0000000100000000, 0x0000000100000000)
  eden space 199680K, 12% used [0x00000000eab00000,0x00000000ec41c4d8,0x00000000f6e00000)
  from space 74752K, 0% used [0x00000000f6e00000,0x00000000f6e00000,0x00000000fb700000)
  to   space 70656K, 0% used [0x00000000fbb00000,0x00000000fbb00000,0x0000000100000000)
 ParOldGen       total 202752K, used 202737K [0x00000000c0000000, 0x00000000cc600000, 0x00000000eab00000)
  object space 202752K, 99% used [0x00000000c0000000,0x00000000cc5fc7f0,0x00000000cc600000)
 Metaspace       used 6671K, capacity 7350K, committed 7552K, reserved 1056768K
  class space    used 610K, capacity 622K, committed 640K, reserved 1048576K
}

