# JRE version: OpenJDK Runtime Environment (8.0) (build 1.8.0-25-microsoft-b00)
# Java VM: OpenJDK 64-Bit Server VM (25.71-b00 mixed mode windows-amd64 compressed oops)
Heap:
 PSYoungGen      total 242176K, used 166401K [0x00000000eab00000, 0x0000000100000000, 0x0000000100000000)
  eden space 181248K, 66% used [0x00000000eab00000,0x00000000f203cdd8,0x00000000f5c00000)
  from space 60928K, 76% used [0x00000000fc480000,0x00000000ff1c3968,0x0000000100000000)
  to   space 83968K, 0% used [0x00000000f5c00000,0x00000000f5c00000,0x00000000fae00000)
 ParOldGen       total 290816K, used 162407K [0x00000000c0000000, 0x00000000d1c00000, 0x00000000eab00000)
  object space 290816K, 55% used [0x00000000c0000000,0x00000000c9e99f98,0x00000000d1c00000)
 Metaspace       used 6669K, capacity 7350K, committed 7552K, reserved 1056768K
  class space    used 610K, capacity 622K, committed 640K, reserved 1048576K
GC Heap History (10 events):
Event: 3.649 GC heap before
{Heap before GC invocations=10 (full 1):
 PSYoungGen      total 287232K, used 36337K [0x00000000eab00000, 0x0000000100000000, 0x0000000100000000)
  eden space 250880K, 0% used [0x00000000eab00000,0x00000000eab00000,0x00000000fa000000)
  from space 36352K, 99% used [0x00000000fa000000,0x00000000fc37c4a8,0x00000000fc380000)
  to   space 53760K, 0% used [0x00000000fcb80000,0x00000000fcb80000,0x0000000100000000)
 ParOldGen       total 86016K, used 81439K [0x00000000c0000000, 0x00000000c5400000, 0x00000000eab00000)
  object space 86016K, 94% used [0x00000000c0000000,0x00000000c4f87ee8,0x00000000c5400000)
 Metaspace       used 6633K, capacity 7350K, committed 7552K, reserved 1056768K
  class space    used 609K, capacity 622K, committed 640K, reserved 1048576K
Event: 4.142 GC heap after
Heap after GC invocations=10 (full 1):
 PSYoungGen      total 287232K, used 25892K [0x00000000eab00000, 0x0000000100000000, 0x0000000100000000)
  eden space 250880K, 0% used [0x00000000eab00000,0x00000000eab00000,0x00000000fa000000)
  from space 36352K, 71% used [0x00000000fa000000,0x00000000fb949070,0x00000000fc380000)
  to   space 53760K, 0% used [0x00000000fcb80000,0x00000000fcb80000,0x0000000100000000)
 ParOldGen       total 162816K, used 85741K [0x00000000c0000000, 0x00000000c9f00000, 0x00000000eab00000)
  object space 162816K, 52% used [0x00000000c0000000,0x00000000c53bb5b0,0x00000000c9f00000)
 Metaspace       used 6633K, capacity 7350K, committed 7552K, reserved 1056768K
  class space    used 609K, capacity 622K, committed 640K, reserved 1048576K
}
Event: 4.779 GC heap before
{Heap before GC invocations=11 (full 1):
 PSYoungGen      total 287232K, used 276772K [0x00000000eab00000, 0x0000000100000000, 0x0000000100000000)
  eden space 250880K, 100% used [0x00000000eab00000,0x00000000fa000000,0x00000000fa000000)
  from space 36352K, 71% used [0x00000000fa000000,0x00000000fb949070,0x00000000fc380000)
  to   space 53760K, 0% used [0x00000000fcb80000,0x00000000fcb80000,0x0000000100000000)
 ParOldGen       total 162816K, used 85741K [0x00000000c0000000, 0x00000000c9f00000, 0x00000000eab00000)
  object space 162816K, 52% used [0x00000000c0000000,0x00000000c53bb5b0,0x00000000c9f00000)
 Metaspace       used 6646K, capacity 7350K, committed 7552K, reserved 1056768K
  class space    used 609K, capacity 622K, committed 640K, reserved 1048576K
Event: 4.902 GC heap after
Heap after GC invocations=11 (full 1):
 PSYoungGen      total 281088K, used 49588K [0x00000000eab00000, 0x0000000100000000, 0x0000000100000000)
  eden space 227328K, 0% used [0x00000000eab00000,0x00000000eab00000,0x00000000f8900000)
  from space 53760K, 92% used [0x00000000fcb80000,0x00000000ffbed0e0,0x0000000100000000)
  to   space 60928K, 0% used [0x00000000f8900000,0x00000000f8900000,0x00000000fc480000)
 ParOldGen       total 162816K, used 99564K [0x00000000c0000000, 0x00000000c9f00000, 0x00000000eab00000)
  object space 162816K, 61% used [0x00000000c0000000,0x00000000c613b020,0x00000000c9f00000)
 Metaspace       used 6646K, capacity 7350K, committed 7552K, reserved 1056768K
  class space    used 609K, capacity 622K, committed 640K, reserved 1048576K
}
Event: 5.359 GC heap before
{Heap before GC invocations=12 (full 1):
 PSYoungGen      total 281088K, used 276916K [0x00000000eab00000, 0x0000000100000000, 0x0000000100000000)
  eden space 227328K, 100% used [0x00000000eab00000,0x00000000f8900000,0x00000000f8900000)
  from space 53760K, 92% used [0x00000000fcb80000,0x00000000ffbed0e0,0x0000000100000000)
  to   space 60928K, 0% used [0x00000000f8900000,0x00000000f8900000,0x00000000fc480000)
 ParOldGen       total 162816K, used 99564K [0x00000000c0000000, 0x00000000c9f00000, 0x00000000eab00000)
  object space 162816K, 61% used [0x00000000c0000000,0x00000000c613b020,0x00000000c9f00000)
 Metaspace       used 6651K, capacity 7350K, committed 7552K, reserved 1056768K
  class space    used 609K, capacity 622K, committed 640K, reserved 1048576K
Event: 5.411 GC heap after
Heap after GC invocations=12 (full 1):
 PSYoungGen      total 288256K, used 60927K [0x00000000eab00000, 0x0000000100000000, 0x0000000100000000)
  eden space 227328K, 0% used [0x00000000eab00000,0x00000000eab00000,0x00000000f8900000)
  from space 60928K, 99% used [0x00000000f8900000,0x00000000fc47fdc8,0x00000000fc480000)
  to   space 60928K, 0% used [0x00000000fc480000,0x00000000fc480000,0x0000000100000000)
 ParOldGen       total 162816K, used 120377K [0x00000000c0000000, 0x00000000c9f00000, 0x00000000eab00000)
  object space 162816K, 73% used [0x00000000c0000000,0x00000000c758e5c8,0x00000000c9f00000)
 Metaspace       used 6651K, capacity 7350K, committed 7552K, reserved 1056768K
  class space    used 609K, capacity 622K, committed 640K, reserved 1048576K
}
Event: 5.854 GC heap before
{Heap before GC invocations=13 (full 1):
 PSYoungGen      total 288256K, used 288255K [0x00000000eab00000, 0x0000000100000000, 0x0000000100000000)
  eden space 227328K, 100% used [0x00000000eab00000,0x00000000f8900000,0x00000000f8900000)
  from space 60928K, 99% used [0x00000000f8900000,0x00000000fc47fdc8,0x00000000fc480000)
  to   space 60928K, 0% used [0x00000000fc480000,0x00000000fc480000,0x0000000100000000)
 ParOldGen       total 162816K, used 120377K [0x00000000c0000000, 0x00000000c9f00000, 0x00000000eab00000)
  object space 162816K, 73% used [0x00000000c0000000,0x00000000c758e5c8,0x00000000c9f00000)
 Metaspace       used 6656K, capacity 7350K, committed 7552K, reserved 1056768K
  class space    used 609K, capacity 622K, committed 640K, reserved 1048576K
Event: 5.922 GC heap after
Heap after GC invocations=13 (full 1):
 PSYoungGen      total 242176K, used 58991K [0x00000000eab00000, 0x0000000100000000, 0x0000000100000000)
  eden space 181248K, 0% used [0x00000000eab00000,0x00000000eab00000,0x00000000f5c00000)
  from space 60928K, 96% used [0x00000000fc480000,0x00000000ffe1bfd0,0x0000000100000000)
  to   space 83968K, 0% used [0x00000000f5c00000,0x00000000f5c00000,0x00000000fae00000)
 ParOldGen       total 162816K, used 154909K [0x00000000c0000000, 0x00000000c9f00000, 0x00000000eab00000)
  object space 162816K, 95% used [0x00000000c0000000,0x00000000c97474a8,0x00000000c9f00000)
 Metaspace       used 6656K, capacity 7350K, committed 7552K, reserved 1056768K
  class space    used 609K, capacity 622K, committed 640K, reserved 1048576K
}
Event: 5.922 GC heap before
{Heap before GC invocations=14 (full 2):
 PSYoungGen      total 242176K, used 58991K [0x00000000eab00000, 0x0000000100000000, 0x0000000100000000)
  eden space 181248K, 0% used [0x00000000eab00000,0x00000000eab00000,0x00000000f5c00000)
  from space 60928K, 96% used [0x00000000fc480000,0x00000000ffe1bfd0,0x0000000100000000)
  to   space 83968K, 0% used [0x00000000f5c00000,0x00000000f5c00000,0x00000000fae00000)
 ParOldGen       total 162816K, used 154909K [0x00000000c0000000, 0x00000000c9f00000, 0x00000000eab00000)
  object space 162816K, 95% used [0x00000000c0000000,0x00000000c97474a8,0x00000000c9f00000)
 Metaspace       used 6656K, capacity 7350K, committed 7552K, reserved 1056768K
  class space    used 609K, capacity 622K, committed 640K, reserved 1048576K
Event: 7.615 GC heap after
Heap after GC invocations=14 (full 2):
 PSYoungGen      total 242176K, used 46350K [0x00000000eab00000, 0x0000000100000000, 0x0000000100000000)
  eden space 181248K, 0% used [0x00000000eab00000,0x00000000eab00000,0x00000000f5c00000)
  from space 60928K, 76% used [0x00000000fc480000,0x00000000ff1c3968,0x0000000100000000)
  to   space 83968K, 0% used [0x00000000f5c00000,0x00000000f5c00000,0x00000000fae00000)
 ParOldGen       total 290816K, used 162407K [0x00000000c0000000, 0x00000000d1c00000, 0x00000000eab00000)
  object space 290816K, 55% used [0x00000000c0000000,0x00000000c9e99f98,0x00000000d1c00000)
 Metaspace       used 6656K, capacity 7350K, committed 7552K, reserved 1056768K
  class space    used 609K, capacity 622K, committed 640K, reserved 1048576K
}

