# JRE version: OpenJDK Runtime Environment (8.0) (build 1.8.0-25-microsoft-b00)
# Java VM: OpenJDK 64-Bit Server VM (25.71-b00 mixed mode windows-amd64 compressed oops)
Heap:
 PSYoungGen      total 27648K, used 23161K [0x00000000d6180000, 0x00000000d8d80000, 0x0000000100000000)
  eden space 18432K, 85% used [0x00000000d6180000,0x00000000d70d0a60,0x00000000d7380000)
  from space 9216K, 81% used [0x00000000d7d80000,0x00000000d84cdb70,0x00000000d8680000)
  to   space 10240K, 0% used [0x00000000d7380000,0x00000000d7380000,0x00000000d7d80000)
 ParOldGen       total 21504K, used 13844K [0x0000000082400000, 0x0000000083900000, 0x00000000d6180000)
  object space 21504K, 64% used [0x0000000082400000,0x0000000083185200,0x0000000083900000)
 Metaspace       used 9908K, capacity 10368K, committed 10624K, reserved 1058816K
  class space    used 1042K, capacity 1076K, committed 1152K, reserved 1048576K
GC Heap History (10 events):
Event: 0.392 GC heap before
{Heap before GC invocations=8 (full 1):
 PSYoungGen      total 14848K, used 3051K [0x00000000d6180000, 0x00000000d8480000, 0x0000000100000000)
  eden space 11776K, 0% used [0x00000000d6180000,0x00000000d6180000,0x00000000d6d00000)
  from space 3072K, 99% used [0x00000000d6d00000,0x00000000d6ffacf0,0x00000000d7000000)
  to   space 6144K, 0% used [0x00000000d7e80000,0x00000000d7e80000,0x00000000d8480000)
 ParOldGen       total 7680K, used 7620K [0x0000000082400000, 0x0000000082b80000, 0x00000000d6180000)
  object space 7680K, 99% used [0x0000000082400000,0x0000000082b71268,0x0000000082b80000)
 Metaspace       used 7269K, capacity 8180K, committed 8320K, reserved 1056768K
  class space    used 855K, capacity 880K, committed 896K, reserved 1048576K
Event: 0.421 GC heap after
Heap after GC invocations=8 (full 1):
 PSYoungGen      total 14848K, used 931K [0x00000000d6180000, 0x00000000d8480000, 0x0000000100000000)
  eden space 11776K, 0% used [0x00000000d6180000,0x00000000d6180000,0x00000000d6d00000)
  from space 3072K, 30% used [0x00000000d6d00000,0x00000000d6de8eb0,0x00000000d7000000)
  to   space 6144K, 0% used [0x00000000d7e80000,0x00000000d7e80000,0x00000000d8480000)
 ParOldGen       total 13312K, used 7019K [0x0000000082400000, 0x0000000083100000, 0x00000000d6180000)
  object space 13312K, 52% used [0x0000000082400000,0x0000000082adada0,0x0000000083100000)
 Metaspace       used 7269K, capacity 8180K, committed 8320K, reserved 1056768K
  class space    used 855K, capacity 880K, committed 896K, reserved 1048576K
}
Event: 1.607 GC heap before
{Heap before GC invocations=9 (full 1):
 PSYoungGen      total 14848K, used 12707K [0x00000000d6180000, 0x00000000d8480000, 0x0000000100000000)
  eden space 11776K, 100% used [0x00000000d6180000,0x00000000d6d00000,0x00000000d6d00000)
  from space 3072K, 30% used [0x00000000d6d00000,0x00000000d6de8eb0,0x00000000d7000000)
  to   space 6144K, 0% used [0x00000000d7e80000,0x00000000d7e80000,0x00000000d8480000)
 ParOldGen       total 13312K, used 7019K [0x0000000082400000, 0x0000000083100000, 0x00000000d6180000)
  object space 13312K, 52% used [0x0000000082400000,0x0000000082adada0,0x0000000083100000)
 Metaspace       used 7432K, capacity 8308K, committed 8576K, reserved 1056768K
  class space    used 864K, capacity 880K, committed 896K, reserved 1048576K
Event: 1.609 GC heap after
Heap after GC invocations=9 (full 1):
 PSYoungGen      total 20992K, used 4701K [0x00000000d6180000, 0x00000000d8380000, 0x0000000100000000)
  eden space 15872K, 0% used [0x00000000d6180000,0x00000000d6180000,0x00000000d7100000)
  from space 5120K, 91% used [0x00000000d7e80000,0x00000000d83177c8,0x00000000d8380000)
  to   space 6656K, 0% used [0x00000000d7680000,0x00000000d7680000,0x00000000d7d00000)
 ParOldGen       total 13312K, used 7035K [0x0000000082400000, 0x0000000083100000, 0x00000000d6180000)
  object space 13312K, 52% used [0x0000000082400000,0x0000000082adeda0,0x0000000083100000)
 Metaspace       used 7432K, capacity 8308K, committed 8576K, reserved 1056768K
  class space    used 864K, capacity 880K, committed 896K, reserved 1048576K
}
Event: 1.689 GC heap before
{Heap before GC invocations=10 (full 1):
 PSYoungGen      total 20992K, used 20573K [0x00000000d6180000, 0x00000000d8380000, 0x0000000100000000)
  eden space 15872K, 100% used [0x00000000d6180000,0x00000000d7100000,0x00000000d7100000)
  from space 5120K, 91% used [0x00000000d7e80000,0x00000000d83177c8,0x00000000d8380000)
  to   space 6656K, 0% used [0x00000000d7680000,0x00000000d7680000,0x00000000d7d00000)
 ParOldGen       total 13312K, used 7035K [0x0000000082400000, 0x0000000083100000, 0x00000000d6180000)
  object space 13312K, 52% used [0x0000000082400000,0x0000000082adeda0,0x0000000083100000)
 Metaspace       used 7751K, capacity 8596K, committed 8960K, reserved 1056768K
  class space    used 880K, capacity 912K, committed 1024K, reserved 1048576K
Event: 1.694 GC heap after
Heap after GC invocations=10 (full 1):
 PSYoungGen      total 26112K, used 6638K [0x00000000d6180000, 0x00000000d8680000, 0x0000000100000000)
  eden space 19456K, 0% used [0x00000000d6180000,0x00000000d6180000,0x00000000d7480000)
  from space 6656K, 99% used [0x00000000d7680000,0x00000000d7cfb8a0,0x00000000d7d00000)
  to   space 9216K, 0% used [0x00000000d7d80000,0x00000000d7d80000,0x00000000d8680000)
 ParOldGen       total 13312K, used 10850K [0x0000000082400000, 0x0000000083100000, 0x00000000d6180000)
  object space 13312K, 81% used [0x0000000082400000,0x0000000082e98af0,0x0000000083100000)
 Metaspace       used 7751K, capacity 8596K, committed 8960K, reserved 1056768K
  class space    used 880K, capacity 912K, committed 1024K, reserved 1048576K
}
Event: 1.694 GC heap before
{Heap before GC invocations=11 (full 2):
 PSYoungGen      total 26112K, used 6638K [0x00000000d6180000, 0x00000000d8680000, 0x0000000100000000)
  eden space 19456K, 0% used [0x00000000d6180000,0x00000000d6180000,0x00000000d7480000)
  from space 6656K, 99% used [0x00000000d7680000,0x00000000d7cfb8a0,0x00000000d7d00000)
  to   space 9216K, 0% used [0x00000000d7d80000,0x00000000d7d80000,0x00000000d8680000)
 ParOldGen       total 13312K, used 10850K [0x0000000082400000, 0x0000000083100000, 0x00000000d6180000)
  object space 13312K, 81% used [0x0000000082400000,0x0000000082e98af0,0x0000000083100000)
 Metaspace       used 7751K, capacity 8596K, committed 8960K, reserved 1056768K
  class space    used 880K, capacity 912K, committed 1024K, reserved 1048576K
Event: 1.736 GC heap after
Heap after GC invocations=11 (full 2):
 PSYoungGen      total 26112K, used 2517K [0x00000000d6180000, 0x00000000d8680000, 0x0000000100000000)
  eden space 19456K, 0% used [0x00000000d6180000,0x00000000d6180000,0x00000000d7480000)
  from space 6656K, 37% used [0x00000000d7680000,0x00000000d78f56c8,0x00000000d7d00000)
  to   space 9216K, 0% used [0x00000000d7d80000,0x00000000d7d80000,0x00000000d8680000)
 ParOldGen       total 21504K, used 12976K [0x0000000082400000, 0x0000000083900000, 0x00000000d6180000)
  object space 21504K, 60% used [0x0000000082400000,0x00000000830ac308,0x0000000083900000)
 Metaspace       used 7751K, capacity 8596K, committed 8960K, reserved 1056768K
  class space    used 880K, capacity 912K, committed 1024K, reserved 1048576K
}
Event: 1.987 GC heap before
{Heap before GC invocations=12 (full 2):
 PSYoungGen      total 26112K, used 21973K [0x00000000d6180000, 0x00000000d8680000, 0x0000000100000000)
  eden space 19456K, 100% used [0x00000000d6180000,0x00000000d7480000,0x00000000d7480000)
  from space 6656K, 37% used [0x00000000d7680000,0x00000000d78f56c8,0x00000000d7d00000)
  to   space 9216K, 0% used [0x00000000d7d80000,0x00000000d7d80000,0x00000000d8680000)
 ParOldGen       total 21504K, used 12976K [0x0000000082400000, 0x0000000083900000, 0x00000000d6180000)
  object space 21504K, 60% used [0x0000000082400000,0x00000000830ac308,0x0000000083900000)
 Metaspace       used 9077K, capacity 9632K, committed 9856K, reserved 1058816K
  class space    used 1001K, capacity 1044K, committed 1152K, reserved 1048576K
Event: 1.991 GC heap after
Heap after GC invocations=12 (full 2):
 PSYoungGen      total 27648K, used 7478K [0x00000000d6180000, 0x00000000d8d80000, 0x0000000100000000)
  eden space 18432K, 0% used [0x00000000d6180000,0x00000000d6180000,0x00000000d7380000)
  from space 9216K, 81% used [0x00000000d7d80000,0x00000000d84cdb70,0x00000000d8680000)
  to   space 10240K, 0% used [0x00000000d7380000,0x00000000d7380000,0x00000000d7d80000)
 ParOldGen       total 21504K, used 13844K [0x0000000082400000, 0x0000000083900000, 0x00000000d6180000)
  object space 21504K, 64% used [0x0000000082400000,0x0000000083185200,0x0000000083900000)
 Metaspace       used 9077K, capacity 9632K, committed 9856K, reserved 1058816K
  class space    used 1001K, capacity 1044K, committed 1152K, reserved 1048576K
}

